tee: /faststorage/project/johan_gpn/people/johanulsrup/johan_gpn/scripts/GGPN_training/training_log.txt: No such file or directory
/home/johanulstrup/miniconda3/envs/GPN/lib/python3.12/site-packages/transformers/training_args.py:1575: FutureWarning: `evaluation_strategy` is deprecated and will be removed in version 4.46 of 🤗 Transformers. Use `eval_strategy` instead
  warnings.warn(
<<<<<<< HEAD:scripts/training_log.txt
03/19/2025 03:18:16 - WARNING - __main__ - Process rank: 0, device: cuda:0, n_gpu: 1distributed training: True, 16-bits training: False
03/19/2025 03:18:16 - INFO - __main__ - Training/evaluation parameters TrainingArguments(
=======
/home/johanulstrup/miniconda3/envs/GPN/lib/python3.12/site-packages/accelerate/state.py:246: UserWarning: OMP_NUM_THREADS/MKL_NUM_THREADS unset, we set it at 64 to improve oob performance.
  warnings.warn(
The speedups for torchdynamo mostly come wih GPU Ampere or higher and which is not detected here.
04/10/2025 09:43:17 - WARNING - __main__ - Process rank: 0, device: cpu:0, n_gpu: 1distributed training: True, 16-bits training: False
04/10/2025 09:43:17 - INFO - __main__ - Training/evaluation parameters TrainingArguments(
>>>>>>> 4d3645e (WIP: save local changes):scripts/GPN_training/GPN_trails_batch.sh-57711811.out
_n_gpu=1,
accelerator_config={'split_batches': False, 'dispatch_batches': None, 'even_batches': True, 'use_seedable_sampler': True, 'non_blocking': False, 'gradient_accumulation_kwargs': None, 'use_configured_state': False},
adafactor=False,
adam_beta1=0.9,
adam_beta2=0.999,
adam_epsilon=1e-08,
auto_find_batch_size=False,
average_tokens_across_devices=False,
batch_eval_metrics=False,
bf16=True,
bf16_full_eval=True,
data_seed=None,
dataloader_drop_last=False,
dataloader_num_workers=16,
dataloader_persistent_workers=False,
dataloader_pin_memory=True,
dataloader_prefetch_factor=None,
ddp_backend=None,
ddp_broadcast_buffers=None,
ddp_bucket_cap_mb=None,
ddp_find_unused_parameters=False,
ddp_timeout=1800,
debug=[],
deepspeed=None,
disable_tqdm=False,
dispatch_batches=None,
do_eval=True,
do_predict=False,
do_train=True,
eval_accumulation_steps=None,
eval_delay=0,
eval_do_concat_batches=True,
eval_on_start=False,
eval_steps=10000,
eval_strategy=IntervalStrategy.STEPS,
eval_use_gather_object=False,
evaluation_strategy=steps,
fp16=False,
fp16_backend=auto,
fp16_full_eval=False,
fp16_opt_level=O1,
fsdp=[],
fsdp_config={'min_num_params': 0, 'xla': False, 'xla_fsdp_v2': False, 'xla_fsdp_grad_ckpt': False},
fsdp_min_num_params=0,
fsdp_transformer_layer_cls_to_wrap=None,
full_determinism=False,
gradient_accumulation_steps=1,
gradient_checkpointing=False,
gradient_checkpointing_kwargs=None,
greater_is_better=None,
group_by_length=False,
half_precision_backend=auto,
hub_always_push=False,
hub_model_id=None,
hub_private_repo=None,
hub_strategy=HubStrategy.EVERY_SAVE,
hub_token=<HUB_TOKEN>,
ignore_data_skip=False,
include_for_metrics=[],
include_inputs_for_metrics=False,
include_num_input_tokens_seen=False,
include_tokens_per_second=False,
jit_mode_eval=False,
label_names=None,
label_smoothing_factor=0.0,
learning_rate=0.001,
length_column_name=length,
load_best_model_at_end=False,
local_rank=0,
log_level=passive,
log_level_replica=warning,
log_on_each_node=True,
<<<<<<< HEAD:scripts/training_log.txt
logging_dir=/home/johanulstrup/johan_gpn/people/johanulsrup/johan_gpn/data/model/runs/Mar19_03-18-15_gn-1001,
=======
logging_dir=/home/johanulstrup/johan_gpn/people/johanulsrup/johan_gpn/data/model/runs/Apr10_09-43-16_s21n34,
>>>>>>> 4d3645e (WIP: save local changes):scripts/GPN_training/GPN_trails_batch.sh-57711811.out
logging_first_step=False,
logging_nan_inf_filter=True,
logging_steps=10000,
logging_strategy=IntervalStrategy.STEPS,
lr_scheduler_kwargs={},
lr_scheduler_type=SchedulerType.CONSTANT_WITH_WARMUP,
max_grad_norm=1.0,
max_steps=120000,
metric_for_best_model=None,
mp_parameters=,
neftune_noise_alpha=None,
no_cuda=False,
num_train_epochs=3.0,
optim=OptimizerNames.ADAMW_TORCH,
optim_args=None,
optim_target_modules=None,
output_dir=/home/johanulstrup/johan_gpn/people/johanulsrup/johan_gpn/data/model,
overwrite_output_dir=False,
past_index=-1,
per_device_eval_batch_size=64,
per_device_train_batch_size=64,
prediction_loss_only=True,
push_to_hub=False,
push_to_hub_model_id=None,
push_to_hub_organization=None,
push_to_hub_token=<PUSH_TO_HUB_TOKEN>,
ray_scope=last,
remove_unused_columns=False,
report_to=['wandb'],
restore_callback_states_from_checkpoint=False,
resume_from_checkpoint=None,
run_name=your_run,
save_on_each_node=False,
save_only_model=False,
save_safetensors=True,
save_steps=10000,
save_strategy=SaveStrategy.STEPS,
save_total_limit=None,
seed=42,
skip_memory_metrics=True,
split_batches=None,
tf32=None,
torch_compile=True,
torch_compile_backend=inductor,
torch_compile_mode=None,
torch_empty_cache_steps=None,
torchdynamo=None,
tpu_metrics_debug=False,
tpu_num_cores=None,
use_cpu=False,
use_ipex=False,
use_legacy_prediction_loop=False,
use_liger_kernel=False,
use_mps_device=False,
warmup_ratio=0.0,
warmup_steps=1000,
weight_decay=0.01,
)
<<<<<<< HEAD:scripts/training_log.txt
[rank0]: Traceback (most recent call last):
[rank0]:   File "<frozen runpy>", line 198, in _run_module_as_main
[rank0]:   File "<frozen runpy>", line 88, in _run_code
[rank0]:   File "/home/johanulstrup/miniconda3/envs/GPN/lib/python3.12/site-packages/gpn/ss/run_mlm.py", line 591, in <module>
[rank0]:     main()
[rank0]:   File "/home/johanulstrup/miniconda3/envs/GPN/lib/python3.12/site-packages/gpn/ss/run_mlm.py", line 375, in main
[rank0]:     raw_datasets = load_dataset(
[rank0]:                    ^^^^^^^^^^^^^
[rank0]:   File "/home/johanulstrup/miniconda3/envs/GPN/lib/python3.12/site-packages/datasets/load.py", line 2129, in load_dataset
[rank0]:     builder_instance = load_dataset_builder(
[rank0]:                        ^^^^^^^^^^^^^^^^^^^^^
[rank0]:   File "/home/johanulstrup/miniconda3/envs/GPN/lib/python3.12/site-packages/datasets/load.py", line 1849, in load_dataset_builder
[rank0]:     dataset_module = dataset_module_factory(
[rank0]:                      ^^^^^^^^^^^^^^^^^^^^^^^
[rank0]:   File "/home/johanulstrup/miniconda3/envs/GPN/lib/python3.12/site-packages/datasets/load.py", line 1737, in dataset_module_factory
[rank0]:     raise FileNotFoundError(f"Couldn't find any data file at {relative_to_absolute_path(path)}.")
[rank0]: FileNotFoundError: Couldn't find any data file at /home/johanulstrup/johan_gpn/people/johanulsrup/johan_gpn/data/steps/dataset_assembly.
[rank0]:[W319 03:18:17.229389289 ProcessGroupNCCL.cpp:1496] Warning: WARNING: destroy_process_group() was not called before program exit, which can leak resources. For more info, please see https://pytorch.org/docs/stable/distributed.html#shutdown (function operator())
E0319 03:18:21.964000 1495478 site-packages/torch/distributed/elastic/multiprocessing/api.py:869] failed (exitcode: 1) local_rank: 0 (pid: 1495502) of binary: /home/johanulstrup/miniconda3/envs/GPN/bin/python3.12
=======
No config specified, defaulting to the single config: dataset_assembly/default
04/10/2025 09:43:17 - INFO - datasets.builder - No config specified, defaulting to the single config: dataset_assembly/default
Using custom data configuration default-31a8eb8e26a3d2e8
04/10/2025 09:43:17 - INFO - datasets.builder - Using custom data configuration default-31a8eb8e26a3d2e8
Loading Dataset Infos from /home/johanulstrup/miniconda3/envs/GPN/lib/python3.12/site-packages/datasets/packaged_modules/parquet
04/10/2025 09:43:17 - INFO - datasets.info - Loading Dataset Infos from /home/johanulstrup/miniconda3/envs/GPN/lib/python3.12/site-packages/datasets/packaged_modules/parquet
IterableDatasetDict({
    train: IterableDataset({
        features: ['assembly', 'chrom', 'start', 'end', 'strand', 'seq'],
        num_shards: 1
    })
    validation: IterableDataset({
        features: ['assembly', 'chrom', 'start', 'end', 'strand', 'seq'],
        num_shards: 1
    })
    test: IterableDataset({
        features: ['assembly', 'chrom', 'start', 'end', 'strand', 'seq'],
        num_shards: 1
    })
})
04/10/2025 09:43:18 - WARNING - __main__ - You are instantiating a new config instance from scratch.
[INFO|tokenization_utils_base.py:2032] 2025-04-10 09:43:18,749 >> loading file tokenizer.json
[INFO|tokenization_utils_base.py:2032] 2025-04-10 09:43:18,749 >> loading file tokenizer.model
[INFO|tokenization_utils_base.py:2032] 2025-04-10 09:43:18,749 >> loading file added_tokens.json
[INFO|tokenization_utils_base.py:2032] 2025-04-10 09:43:18,749 >> loading file special_tokens_map.json
[INFO|tokenization_utils_base.py:2032] 2025-04-10 09:43:18,749 >> loading file tokenizer_config.json
[INFO|tokenization_utils_base.py:2032] 2025-04-10 09:43:18,749 >> loading file chat_template.jinja
04/10/2025 09:43:18 - INFO - __main__ - Training new model from scratch
[INFO|modeling_utils.py:1582] 2025-04-10 09:43:18,861 >> Instantiating GPNForMaskedLM model under default dtype torch.float32.
dilation_schedule=[1, 2, 4, 8, 16, 32, 64, 128, 1, 2, 4, 8, 16, 32, 64, 128, 1, 2, 4, 8, 16, 32, 64, 128, 1]
E0410 09:43:21.043000 3419944 site-packages/torch/distributed/elastic/multiprocessing/api.py:869] failed (exitcode: -9) local_rank: 0 (pid: 3419952) of binary: /home/johanulstrup/miniconda3/envs/GPN/bin/python3.12
>>>>>>> 4d3645e (WIP: save local changes):scripts/GPN_training/GPN_trails_batch.sh-57711811.out
Traceback (most recent call last):
  File "/home/johanulstrup/miniconda3/envs/GPN/bin/torchrun", line 8, in <module>
    sys.exit(main())
             ^^^^^^
  File "/home/johanulstrup/miniconda3/envs/GPN/lib/python3.12/site-packages/torch/distributed/elastic/multiprocessing/errors/__init__.py", line 355, in wrapper
    return f(*args, **kwargs)
           ^^^^^^^^^^^^^^^^^^
  File "/home/johanulstrup/miniconda3/envs/GPN/lib/python3.12/site-packages/torch/distributed/run.py", line 918, in main
    run(args)
  File "/home/johanulstrup/miniconda3/envs/GPN/lib/python3.12/site-packages/torch/distributed/run.py", line 909, in run
    elastic_launch(
  File "/home/johanulstrup/miniconda3/envs/GPN/lib/python3.12/site-packages/torch/distributed/launcher/api.py", line 138, in __call__
    return launch_agent(self._config, self._entrypoint, list(args))
           ^^^^^^^^^^^^^^^^^^^^^^^^^^^^^^^^^^^^^^^^^^^^^^^^^^^^^^^^
  File "/home/johanulstrup/miniconda3/envs/GPN/lib/python3.12/site-packages/torch/distributed/launcher/api.py", line 269, in launch_agent
    raise ChildFailedError(
torch.distributed.elastic.multiprocessing.errors.ChildFailedError: 
============================================================
gpn.ss.run_mlm FAILED
------------------------------------------------------------
Failures:
  <NO_OTHER_FAILURES>
------------------------------------------------------------
Root Cause (first observed failure):
[0]:
<<<<<<< HEAD:scripts/training_log.txt
  time      : 2025-03-19_03:18:21
  host      : gn-1001.ib.gdk
  rank      : 0 (local_rank: 0)
  exitcode  : 1 (pid: 1495502)
  error_file: <N/A>
  traceback : To enable traceback see: https://pytorch.org/docs/stable/elastic/errors.html
============================================================
=======
  time      : 2025-04-10_09:43:21
  host      : s21n34.gdk
  rank      : 0 (local_rank: 0)
  exitcode  : -9 (pid: 3419952)
  error_file: <N/A>
  traceback : Signal 9 (SIGKILL) received by PID 3419952
========================================================
slurmstepd: error: Detected 1 oom_kill event in StepId=57711811.batch. Some of the step tasks have been OOM Killed.
>>>>>>> 4d3645e (WIP: save local changes):scripts/GPN_training/GPN_trails_batch.sh-57711811.out
